Last metadata expiration check: 1:02:25 ago on Wednesday 24 June 2020 05:36:31 PM IST.
Dependencies resolved.
Nothing to do.
Complete!
*******Installing Java*********
Last metadata expiration check: 1:02:25 ago on Wednesday 24 June 2020 05:36:31 PM IST.
Dependencies resolved.
==========================================================================================
 Package                       Arch    Version                            Repo        Size
==========================================================================================
Installing:
 java-1.8.0-openjdk-devel      x86_64  1:1.8.0.252.b09-3.el8_2            AppStream  9.8 M
Installing dependencies:
 alsa-lib                      x86_64  1.2.1.2-3.el8                      AppStream  441 k
 atk                           x86_64  2.28.1-1.el8                       AppStream  272 k
 avahi-libs                    x86_64  0.7-19.el8                         BaseOS      62 k
 cairo                         x86_64  1.15.12-3.el8                      AppStream  721 k
 copy-jdk-configs              noarch  3.7-1.el8                          AppStream   27 k
 cups-libs                     x86_64  1:2.2.6-33.el8                     BaseOS     432 k
 dejavu-fonts-common           noarch  2.35-6.el8                         BaseOS      74 k
 dejavu-sans-fonts             noarch  2.35-6.el8                         BaseOS     1.5 M
 fontconfig                    x86_64  2.13.1-3.el8                       BaseOS     275 k
 fontpackages-filesystem       noarch  1.44-22.el8                        BaseOS      16 k
 fribidi                       x86_64  1.0.4-8.el8                        AppStream   89 k
 gdk-pixbuf2                   x86_64  2.36.12-5.el8                      BaseOS     467 k
 gdk-pixbuf2-modules           x86_64  2.36.12-5.el8                      AppStream  109 k
 giflib                        x86_64  5.1.4-3.el8                        AppStream   51 k
 graphite2                     x86_64  1.3.10-10.el8                      AppStream  122 k
 gtk-update-icon-cache         x86_64  3.22.30-5.el8                      AppStream   32 k
 harfbuzz                      x86_64  1.7.5-3.el8                        AppStream  295 k
 hicolor-icon-theme            noarch  0.17-2.el8                         AppStream   49 k
 jasper-libs                   x86_64  2.0.14-4.el8                       AppStream  167 k
 java-1.8.0-openjdk            x86_64  1:1.8.0.252.b09-3.el8_2            AppStream  320 k
 java-1.8.0-openjdk-headless   x86_64  1:1.8.0.252.b09-3.el8_2            AppStream   33 M
 javapackages-filesystem       noarch  5.3.0-1.module_el8.0.0+11+5b8c10bd AppStream   30 k
 jbigkit-libs                  x86_64  2.1-14.el8                         AppStream   55 k
 libX11                        x86_64  1.6.8-3.el8                        AppStream  611 k
 libX11-common                 noarch  1.6.8-3.el8                        AppStream  158 k
 libXau                        x86_64  1.0.8-13.el8                       AppStream   36 k
 libXcomposite                 x86_64  0.4.4-14.el8                       AppStream   28 k
 libXcursor                    x86_64  1.1.15-3.el8                       AppStream   36 k
 libXdamage                    x86_64  1.1.4-14.el8                       AppStream   27 k
 libXext                       x86_64  1.3.3-9.el8                        AppStream   45 k
 libXfixes                     x86_64  5.0.3-7.el8                        AppStream   25 k
 libXft                        x86_64  2.3.2-10.el8                       AppStream   66 k
 libXi                         x86_64  1.7.9-7.el8                        AppStream   49 k
 libXinerama                   x86_64  1.1.4-1.el8                        AppStream   16 k
 libXrandr                     x86_64  1.5.1-7.el8                        AppStream   33 k
 libXrender                    x86_64  0.9.10-7.el8                       AppStream   33 k
 libXtst                       x86_64  1.2.3-7.el8                        AppStream   22 k
 libdatrie                     x86_64  0.2.9-7.el8                        AppStream   33 k
 libfontenc                    x86_64  1.1.3-8.el8                        AppStream   37 k
 libjpeg-turbo                 x86_64  1.5.3-10.el8                       AppStream  156 k
 libpkgconf                    x86_64  1.4.2-1.el8                        BaseOS      35 k
 libthai                       x86_64  0.1.27-2.el8                       AppStream  203 k
 libtiff                       x86_64  4.0.9-17.el8                       AppStream  188 k
 libxcb                        x86_64  1.13.1-1.el8                       AppStream  229 k
 lksctp-tools                  x86_64  1.0.18-3.el8                       BaseOS     100 k
 lua                           x86_64  5.3.4-11.el8                       AppStream  193 k
 pango                         x86_64  1.42.4-6.el8                       AppStream  298 k
 pixman                        x86_64  0.38.4-1.el8                       AppStream  257 k
 pkgconf                       x86_64  1.4.2-1.el8                        BaseOS      38 k
 pkgconf-m4                    noarch  1.4.2-1.el8                        BaseOS      17 k
 pkgconf-pkg-config            x86_64  1.4.2-1.el8                        BaseOS      15 k
 ttmkfdir                      x86_64  3.0.9-54.el8                       AppStream   62 k
 tzdata-java                   noarch  2020a-1.el8                        AppStream  189 k
 xorg-x11-font-utils           x86_64  1:7.5-40.el8                       AppStream  103 k
 xorg-x11-fonts-Type1          noarch  7.5-19.el8                         AppStream  522 k
Installing weak dependencies:
 gtk2                          x86_64  2.24.32-4.el8                      AppStream  3.4 M

Transaction Summary
==========================================================================================
Install  57 Packages

Total download size: 55 M
Installed size: 195 M
Downloading Packages:
(1/57): atk-2.28.1-1.el8.x86_64.rpm             288 kB/s | 272 kB     00:00    
(2/57): alsa-lib-1.2.1.2-3.el8.x86_64.rpm       465 kB/s | 441 kB     00:00    
(3/57): cairo-1.15.12-3.el8.x86_64.rpm          758 kB/s | 721 kB     00:00    
(4/57): copy-jdk-configs-3.7-1.el8.noarch.rpm   163 kB/s |  27 kB     00:00    
(5/57): fribidi-1.0.4-8.el8.x86_64.rpm          242 kB/s |  89 kB     00:00    
(6/57): gdk-pixbuf2-modules-2.36.12-5.el8.x86_6 292 kB/s | 109 kB     00:00    
(7/57): giflib-5.1.4-3.el8.x86_64.rpm           128 kB/s |  51 kB     00:00    
(8/57): graphite2-1.3.10-10.el8.x86_64.rpm      554 kB/s | 122 kB     00:00    
(9/57): gtk-update-icon-cache-3.22.30-5.el8.x86 142 kB/s |  32 kB     00:00    
(10/57): hicolor-icon-theme-0.17-2.el8.noarch.r 209 kB/s |  49 kB     00:00    
(11/57): harfbuzz-1.7.5-3.el8.x86_64.rpm        740 kB/s | 295 kB     00:00    
(12/57): jasper-libs-2.0.14-4.el8.x86_64.rpm    961 kB/s | 167 kB     00:00    
(13/57): java-1.8.0-openjdk-1.8.0.252.b09-3.el8 294 kB/s | 320 kB     00:01    
(14/57): gtk2-2.24.32-4.el8.x86_64.rpm          2.2 MB/s | 3.4 MB     00:01    
(15/57): javapackages-filesystem-5.3.0-1.module  31 kB/s |  30 kB     00:00    
(16/57): jbigkit-libs-2.1-14.el8.x86_64.rpm     264 kB/s |  55 kB     00:00    
(17/57): libX11-1.6.8-3.el8.x86_64.rpm          491 kB/s | 611 kB     00:01    
(18/57): java-1.8.0-openjdk-devel-1.8.0.252.b09 2.4 MB/s | 9.8 MB     00:04    
(19/57): libX11-common-1.6.8-3.el8.noarch.rpm   154 kB/s | 158 kB     00:01    
(20/57): libXcomposite-0.4.4-14.el8.x86_64.rpm   81 kB/s |  28 kB     00:00    
(21/57): libXcursor-1.1.15-3.el8.x86_64.rpm     267 kB/s |  36 kB     00:00    
(22/57): libXdamage-1.1.4-14.el8.x86_64.rpm      80 kB/s |  27 kB     00:00    
(23/57): libXau-1.0.8-13.el8.x86_64.rpm          28 kB/s |  36 kB     00:01    
(24/57): libXext-1.3.3-9.el8.x86_64.rpm         260 kB/s |  45 kB     00:00    
(25/57): libXfixes-5.0.3-7.el8.x86_64.rpm       138 kB/s |  25 kB     00:00    
(26/57): libXi-1.7.9-7.el8.x86_64.rpm           381 kB/s |  49 kB     00:00    
(27/57): libXft-2.3.2-10.el8.x86_64.rpm         123 kB/s |  66 kB     00:00    
(28/57): libXinerama-1.1.4-1.el8.x86_64.rpm      37 kB/s |  16 kB     00:00    
(29/57): libXrandr-1.5.1-7.el8.x86_64.rpm       180 kB/s |  33 kB     00:00    
(30/57): libXrender-0.9.10-7.el8.x86_64.rpm     199 kB/s |  33 kB     00:00    
(31/57): libdatrie-0.2.9-7.el8.x86_64.rpm        73 kB/s |  33 kB     00:00    
(32/57): libfontenc-1.1.3-8.el8.x86_64.rpm      277 kB/s |  37 kB     00:00    
(33/57): libXtst-1.2.3-7.el8.x86_64.rpm          27 kB/s |  22 kB     00:00    
(34/57): libthai-0.1.27-2.el8.x86_64.rpm        476 kB/s | 203 kB     00:00    
(35/57): libtiff-4.0.9-17.el8.x86_64.rpm        503 kB/s | 188 kB     00:00    
(36/57): libjpeg-turbo-1.5.3-10.el8.x86_64.rpm   70 kB/s | 156 kB     00:02    
(37/57): libxcb-1.13.1-1.el8.x86_64.rpm         191 kB/s | 229 kB     00:01    
(38/57): lua-5.3.4-11.el8.x86_64.rpm            570 kB/s | 193 kB     00:00    
(39/57): pango-1.42.4-6.el8.x86_64.rpm          644 kB/s | 298 kB     00:00    
(40/57): ttmkfdir-3.0.9-54.el8.x86_64.rpm       235 kB/s |  62 kB     00:00    
(41/57): pixman-0.38.4-1.el8.x86_64.rpm         530 kB/s | 257 kB     00:00    
(42/57): xorg-x11-font-utils-7.5-40.el8.x86_64. 476 kB/s | 103 kB     00:00    
(43/57): tzdata-java-2020a-1.el8.noarch.rpm     375 kB/s | 189 kB     00:00    
(44/57): avahi-libs-0.7-19.el8.x86_64.rpm       213 kB/s |  62 kB     00:00    
(45/57): java-1.8.0-openjdk-headless-1.8.0.252. 3.2 MB/s |  33 MB     00:10    
(46/57): cups-libs-2.2.6-33.el8.x86_64.rpm      558 kB/s | 432 kB     00:00    
(47/57): xorg-x11-fonts-Type1-7.5-19.el8.noarch 413 kB/s | 522 kB     00:01    
(48/57): dejavu-fonts-common-2.35-6.el8.noarch. 163 kB/s |  74 kB     00:00    
(49/57): dejavu-sans-fonts-2.35-6.el8.noarch.rp 3.2 MB/s | 1.5 MB     00:00    
(50/57): fontconfig-2.13.1-3.el8.x86_64.rpm     584 kB/s | 275 kB     00:00    
(51/57): libpkgconf-1.4.2-1.el8.x86_64.rpm      141 kB/s |  35 kB     00:00    
(52/57): fontpackages-filesystem-1.44-22.el8.no  38 kB/s |  16 kB     00:00    
(53/57): gdk-pixbuf2-2.36.12-5.el8.x86_64.rpm   1.1 MB/s | 467 kB     00:00    
(54/57): lksctp-tools-1.0.18-3.el8.x86_64.rpm   366 kB/s | 100 kB     00:00    
(55/57): pkgconf-m4-1.4.2-1.el8.noarch.rpm      124 kB/s |  17 kB     00:00    
(56/57): pkgconf-1.4.2-1.el8.x86_64.rpm         230 kB/s |  38 kB     00:00    
(57/57): pkgconf-pkg-config-1.4.2-1.el8.x86_64.  62 kB/s |  15 kB     00:00    
--------------------------------------------------------------------------------
Total                                           3.5 MB/s |  55 MB     00:15     
Running transaction check
Transaction check succeeded.
Running transaction test
Transaction test succeeded.
Running transaction
  Running scriptlet: copy-jdk-configs-3.7-1.el8.noarch                      1/1 
  Running scriptlet: java-1.8.0-openjdk-headless-1:1.8.0.252.b09-3.el8_2.   1/1 
  Preparing        :                                                        1/1 
  Installing       : libjpeg-turbo-1.5.3-10.el8.x86_64                     1/57 
  Installing       : gdk-pixbuf2-2.36.12-5.el8.x86_64                      2/57 
  Running scriptlet: gdk-pixbuf2-2.36.12-5.el8.x86_64                      2/57 
  Installing       : fontpackages-filesystem-1.44-22.el8.noarch            3/57 
  Installing       : dejavu-fonts-common-2.35-6.el8.noarch                 4/57 
  Installing       : dejavu-sans-fonts-2.35-6.el8.noarch                   5/57 
  Installing       : fontconfig-2.13.1-3.el8.x86_64                        6/57 
  Running scriptlet: fontconfig-2.13.1-3.el8.x86_64                        6/57 
  Installing       : gtk-update-icon-cache-3.22.30-5.el8.x86_64            7/57 
  Installing       : jasper-libs-2.0.14-4.el8.x86_64                       8/57 
  Installing       : pkgconf-m4-1.4.2-1.el8.noarch                         9/57 
  Installing       : lksctp-tools-1.0.18-3.el8.x86_64                     10/57 
  Running scriptlet: lksctp-tools-1.0.18-3.el8.x86_64                     10/57 
  Installing       : libpkgconf-1.4.2-1.el8.x86_64                        11/57 
  Installing       : pkgconf-1.4.2-1.el8.x86_64                           12/57 
  Installing       : pkgconf-pkg-config-1.4.2-1.el8.x86_64                13/57 
  Installing       : avahi-libs-0.7-19.el8.x86_64                         14/57 
  Installing       : cups-libs-1:2.2.6-33.el8.x86_64                      15/57 
  Installing       : tzdata-java-2020a-1.el8.noarch                       16/57 
  Installing       : ttmkfdir-3.0.9-54.el8.x86_64                         17/57 
  Installing       : pixman-0.38.4-1.el8.x86_64                           18/57 
  Installing       : lua-5.3.4-11.el8.x86_64                              19/57 
  Installing       : copy-jdk-configs-3.7-1.el8.noarch                    20/57 
  Installing       : libfontenc-1.1.3-8.el8.x86_64                        21/57 
  Installing       : xorg-x11-font-utils-1:7.5-40.el8.x86_64              22/57 
  Installing       : xorg-x11-fonts-Type1-7.5-19.el8.noarch               23/57 
  Running scriptlet: xorg-x11-fonts-Type1-7.5-19.el8.noarch               23/57 
  Installing       : libdatrie-0.2.9-7.el8.x86_64                         24/57 
  Running scriptlet: libdatrie-0.2.9-7.el8.x86_64                         24/57 
  Installing       : libthai-0.1.27-2.el8.x86_64                          25/57 
  Running scriptlet: libthai-0.1.27-2.el8.x86_64                          25/57 
  Installing       : libXau-1.0.8-13.el8.x86_64                           26/57 
  Installing       : libxcb-1.13.1-1.el8.x86_64                           27/57 
  Installing       : libX11-common-1.6.8-3.el8.noarch                     28/57 
  Installing       : libX11-1.6.8-3.el8.x86_64                            29/57 
  Installing       : libXext-1.3.3-9.el8.x86_64                           30/57 
  Installing       : libXrender-0.9.10-7.el8.x86_64                       31/57 
  Installing       : libXi-1.7.9-7.el8.x86_64                             32/57 
  Installing       : libXfixes-5.0.3-7.el8.x86_64                         33/57 
  Installing       : cairo-1.15.12-3.el8.x86_64                           34/57 
  Installing       : libXcomposite-0.4.4-14.el8.x86_64                    35/57 
  Installing       : libXcursor-1.1.15-3.el8.x86_64                       36/57 
  Installing       : libXdamage-1.1.4-14.el8.x86_64                       37/57 
  Installing       : libXtst-1.2.3-7.el8.x86_64                           38/57 
  Installing       : libXft-2.3.2-10.el8.x86_64                           39/57 
  Installing       : libXrandr-1.5.1-7.el8.x86_64                         40/57 
  Installing       : libXinerama-1.1.4-1.el8.x86_64                       41/57 
  Installing       : jbigkit-libs-2.1-14.el8.x86_64                       42/57 
  Running scriptlet: jbigkit-libs-2.1-14.el8.x86_64                       42/57 
  Installing       : libtiff-4.0.9-17.el8.x86_64                          43/57 
  Installing       : gdk-pixbuf2-modules-2.36.12-5.el8.x86_64             44/57 
  Installing       : javapackages-filesystem-5.3.0-1.module_el8.0.0+11+   45/57 
  Installing       : java-1.8.0-openjdk-headless-1:1.8.0.252.b09-3.el8_   46/57 
  Running scriptlet: java-1.8.0-openjdk-headless-1:1.8.0.252.b09-3.el8_   46/57 
  Installing       : hicolor-icon-theme-0.17-2.el8.noarch                 47/57 
  Installing       : graphite2-1.3.10-10.el8.x86_64                       48/57 
  Installing       : harfbuzz-1.7.5-3.el8.x86_64                          49/57 
  Running scriptlet: harfbuzz-1.7.5-3.el8.x86_64                          49/57 
  Installing       : giflib-5.1.4-3.el8.x86_64                            50/57 
  Installing       : fribidi-1.0.4-8.el8.x86_64                           51/57 
  Installing       : pango-1.42.4-6.el8.x86_64                            52/57 
  Running scriptlet: pango-1.42.4-6.el8.x86_64                            52/57 
  Installing       : atk-2.28.1-1.el8.x86_64                              53/57 
  Installing       : gtk2-2.24.32-4.el8.x86_64                            54/57 
  Running scriptlet: gtk2-2.24.32-4.el8.x86_64                            54/57 
  Installing       : alsa-lib-1.2.1.2-3.el8.x86_64                        55/57 
  Running scriptlet: alsa-lib-1.2.1.2-3.el8.x86_64                        55/57 
  Installing       : java-1.8.0-openjdk-1:1.8.0.252.b09-3.el8_2.x86_64    56/57 
  Running scriptlet: java-1.8.0-openjdk-1:1.8.0.252.b09-3.el8_2.x86_64    56/57 
  Installing       : java-1.8.0-openjdk-devel-1:1.8.0.252.b09-3.el8_2.x   57/57 
  Running scriptlet: java-1.8.0-openjdk-devel-1:1.8.0.252.b09-3.el8_2.x   57/57 
  Running scriptlet: copy-jdk-configs-3.7-1.el8.noarch                    57/57 
  Running scriptlet: java-1.8.0-openjdk-1:1.8.0.252.b09-3.el8_2.x86_64    57/57 
  Running scriptlet: java-1.8.0-openjdk-devel-1:1.8.0.252.b09-3.el8_2.x   57/57 
  Running scriptlet: gdk-pixbuf2-2.36.12-5.el8.x86_64                     57/57 
  Running scriptlet: fontconfig-2.13.1-3.el8.x86_64                       57/57 
  Running scriptlet: hicolor-icon-theme-0.17-2.el8.noarch                 57/57 
  Verifying        : alsa-lib-1.2.1.2-3.el8.x86_64                         1/57 
  Verifying        : atk-2.28.1-1.el8.x86_64                               2/57 
  Verifying        : cairo-1.15.12-3.el8.x86_64                            3/57 
  Verifying        : copy-jdk-configs-3.7-1.el8.noarch                     4/57 
  Verifying        : fribidi-1.0.4-8.el8.x86_64                            5/57 
  Verifying        : gdk-pixbuf2-modules-2.36.12-5.el8.x86_64              6/57 
  Verifying        : giflib-5.1.4-3.el8.x86_64                             7/57 
  Verifying        : graphite2-1.3.10-10.el8.x86_64                        8/57 
  Verifying        : gtk-update-icon-cache-3.22.30-5.el8.x86_64            9/57 
  Verifying        : gtk2-2.24.32-4.el8.x86_64                            10/57 
  Verifying        : harfbuzz-1.7.5-3.el8.x86_64                          11/57 
  Verifying        : hicolor-icon-theme-0.17-2.el8.noarch                 12/57 
  Verifying        : jasper-libs-2.0.14-4.el8.x86_64                      13/57 
  Verifying        : java-1.8.0-openjdk-1:1.8.0.252.b09-3.el8_2.x86_64    14/57 
  Verifying        : java-1.8.0-openjdk-devel-1:1.8.0.252.b09-3.el8_2.x   15/57 
  Verifying        : java-1.8.0-openjdk-headless-1:1.8.0.252.b09-3.el8_   16/57 
  Verifying        : javapackages-filesystem-5.3.0-1.module_el8.0.0+11+   17/57 
  Verifying        : jbigkit-libs-2.1-14.el8.x86_64                       18/57 
  Verifying        : libX11-1.6.8-3.el8.x86_64                            19/57 
  Verifying        : libX11-common-1.6.8-3.el8.noarch                     20/57 
  Verifying        : libXau-1.0.8-13.el8.x86_64                           21/57 
  Verifying        : libXcomposite-0.4.4-14.el8.x86_64                    22/57 
  Verifying        : libXcursor-1.1.15-3.el8.x86_64                       23/57 
  Verifying        : libXdamage-1.1.4-14.el8.x86_64                       24/57 
  Verifying        : libXext-1.3.3-9.el8.x86_64                           25/57 
  Verifying        : libXfixes-5.0.3-7.el8.x86_64                         26/57 
  Verifying        : libXft-2.3.2-10.el8.x86_64                           27/57 
  Verifying        : libXi-1.7.9-7.el8.x86_64                             28/57 
  Verifying        : libXinerama-1.1.4-1.el8.x86_64                       29/57 
  Verifying        : libXrandr-1.5.1-7.el8.x86_64                         30/57 
  Verifying        : libXrender-0.9.10-7.el8.x86_64                       31/57 
  Verifying        : libXtst-1.2.3-7.el8.x86_64                           32/57 
  Verifying        : libdatrie-0.2.9-7.el8.x86_64                         33/57 
  Verifying        : libfontenc-1.1.3-8.el8.x86_64                        34/57 
  Verifying        : libjpeg-turbo-1.5.3-10.el8.x86_64                    35/57 
  Verifying        : libthai-0.1.27-2.el8.x86_64                          36/57 
  Verifying        : libtiff-4.0.9-17.el8.x86_64                          37/57 
  Verifying        : libxcb-1.13.1-1.el8.x86_64                           38/57 
  Verifying        : lua-5.3.4-11.el8.x86_64                              39/57 
  Verifying        : pango-1.42.4-6.el8.x86_64                            40/57 
  Verifying        : pixman-0.38.4-1.el8.x86_64                           41/57 
  Verifying        : ttmkfdir-3.0.9-54.el8.x86_64                         42/57 
  Verifying        : tzdata-java-2020a-1.el8.noarch                       43/57 
  Verifying        : xorg-x11-font-utils-1:7.5-40.el8.x86_64              44/57 
  Verifying        : xorg-x11-fonts-Type1-7.5-19.el8.noarch               45/57 
  Verifying        : avahi-libs-0.7-19.el8.x86_64                         46/57 
  Verifying        : cups-libs-1:2.2.6-33.el8.x86_64                      47/57 
  Verifying        : dejavu-fonts-common-2.35-6.el8.noarch                48/57 
  Verifying        : dejavu-sans-fonts-2.35-6.el8.noarch                  49/57 
  Verifying        : fontconfig-2.13.1-3.el8.x86_64                       50/57 
  Verifying        : fontpackages-filesystem-1.44-22.el8.noarch           51/57 
  Verifying        : gdk-pixbuf2-2.36.12-5.el8.x86_64                     52/57 
  Verifying        : libpkgconf-1.4.2-1.el8.x86_64                        53/57 
  Verifying        : lksctp-tools-1.0.18-3.el8.x86_64                     54/57 
  Verifying        : pkgconf-1.4.2-1.el8.x86_64                           55/57 
  Verifying        : pkgconf-m4-1.4.2-1.el8.noarch                        56/57 
  Verifying        : pkgconf-pkg-config-1.4.2-1.el8.x86_64                57/57 

Installed:
  alsa-lib-1.2.1.2-3.el8.x86_64                                                 
  atk-2.28.1-1.el8.x86_64                                                       
  avahi-libs-0.7-19.el8.x86_64                                                  
  cairo-1.15.12-3.el8.x86_64                                                    
  copy-jdk-configs-3.7-1.el8.noarch                                             
  cups-libs-1:2.2.6-33.el8.x86_64                                               
  dejavu-fonts-common-2.35-6.el8.noarch                                         
  dejavu-sans-fonts-2.35-6.el8.noarch                                           
  fontconfig-2.13.1-3.el8.x86_64                                                
  fontpackages-filesystem-1.44-22.el8.noarch                                    
  fribidi-1.0.4-8.el8.x86_64                                                    
  gdk-pixbuf2-2.36.12-5.el8.x86_64                                              
  gdk-pixbuf2-modules-2.36.12-5.el8.x86_64                                      
  giflib-5.1.4-3.el8.x86_64                                                     
  graphite2-1.3.10-10.el8.x86_64                                                
  gtk-update-icon-cache-3.22.30-5.el8.x86_64                                    
  gtk2-2.24.32-4.el8.x86_64                                                     
  harfbuzz-1.7.5-3.el8.x86_64                                                   
  hicolor-icon-theme-0.17-2.el8.noarch                                          
  jasper-libs-2.0.14-4.el8.x86_64                                               
  java-1.8.0-openjdk-1:1.8.0.252.b09-3.el8_2.x86_64                             
  java-1.8.0-openjdk-devel-1:1.8.0.252.b09-3.el8_2.x86_64                       
  java-1.8.0-openjdk-headless-1:1.8.0.252.b09-3.el8_2.x86_64                    
  javapackages-filesystem-5.3.0-1.module_el8.0.0+11+5b8c10bd.noarch             
  jbigkit-libs-2.1-14.el8.x86_64                                                
  libX11-1.6.8-3.el8.x86_64                                                     
  libX11-common-1.6.8-3.el8.noarch                                              
  libXau-1.0.8-13.el8.x86_64                                                    
  libXcomposite-0.4.4-14.el8.x86_64                                             
  libXcursor-1.1.15-3.el8.x86_64                                                
  libXdamage-1.1.4-14.el8.x86_64                                                
  libXext-1.3.3-9.el8.x86_64                                                    
  libXfixes-5.0.3-7.el8.x86_64                                                  
  libXft-2.3.2-10.el8.x86_64                                                    
  libXi-1.7.9-7.el8.x86_64                                                      
  libXinerama-1.1.4-1.el8.x86_64                                                
  libXrandr-1.5.1-7.el8.x86_64                                                  
  libXrender-0.9.10-7.el8.x86_64                                                
  libXtst-1.2.3-7.el8.x86_64                                                    
  libdatrie-0.2.9-7.el8.x86_64                                                  
  libfontenc-1.1.3-8.el8.x86_64                                                 
  libjpeg-turbo-1.5.3-10.el8.x86_64                                             
  libpkgconf-1.4.2-1.el8.x86_64                                                 
  libthai-0.1.27-2.el8.x86_64                                                   
  libtiff-4.0.9-17.el8.x86_64                                                   
  libxcb-1.13.1-1.el8.x86_64                                                    
  lksctp-tools-1.0.18-3.el8.x86_64                                              
  lua-5.3.4-11.el8.x86_64                                                       
  pango-1.42.4-6.el8.x86_64                                                     
  pixman-0.38.4-1.el8.x86_64                                                    
  pkgconf-1.4.2-1.el8.x86_64                                                    
  pkgconf-m4-1.4.2-1.el8.noarch                                                 
  pkgconf-pkg-config-1.4.2-1.el8.x86_64                                         
  ttmkfdir-3.0.9-54.el8.x86_64                                                  
  tzdata-java-2020a-1.el8.noarch                                                
  xorg-x11-font-utils-1:7.5-40.el8.x86_64                                       
  xorg-x11-fonts-Type1-7.5-19.el8.noarch                                        

Complete!
********Installing Python******
Last metadata expiration check: 1:02:57 ago on Wednesday 24 June 2020 05:36:31 PM IST.
Package python2-2.7.17-1.module_el8.2.0+381+9a5b3c3b.x86_64 is already installed.
Dependencies resolved.
Nothing to do.
Complete!
************Installing Cassandra**********
DataStax Repo for Apache Cassandra              3.7 kB/s | 2.5 kB     00:00    
Dependencies resolved.
================================================================================
 Package             Architecture   Version             Repository         Size
================================================================================
Installing:
 dsc20               noarch         2.0.17-1            cassandra         1.9 k
Installing dependencies:
 cassandra20         noarch         2.0.17-1            cassandra          17 M

Transaction Summary
================================================================================
Install  2 Packages

Total download size: 17 M
Installed size: 20 M
Downloading Packages:
(1/2): dsc20-2.0.17-1.noarch.rpm                3.4 kB/s | 1.9 kB     00:00    
(2/2): cassandra20-2.0.17-1.noarch.rpm          4.2 MB/s |  17 MB     00:04    
--------------------------------------------------------------------------------
Total                                           4.2 MB/s |  17 MB     00:04     
Running transaction check
Transaction check succeeded.
Running transaction test
Transaction test succeeded.
Running transaction
  Preparing        :                                                        1/1 
  Running scriptlet: cassandra20-2.0.17-1.noarch                            1/2 
  Installing       : cassandra20-2.0.17-1.noarch                            1/2 
  Running scriptlet: cassandra20-2.0.17-1.noarch                            1/2 
  Installing       : dsc20-2.0.17-1.noarch                                  2/2 
  Running scriptlet: dsc20-2.0.17-1.noarch                                  2/2 
  Verifying        : cassandra20-2.0.17-1.noarch                            1/2 
  Verifying        : dsc20-2.0.17-1.noarch                                  2/2 

Installed:
  cassandra20-2.0.17-1.noarch               dsc20-2.0.17-1.noarch              

Complete!
************Installation Completed********
*******Cassandra.service is active********
****Cassandra Installed Successfully***********
**********Configured Local Cluster Name*************
